<?xml version="1.0" encoding="UTF-8"?>
<!-- Generated by org.testng.reporters.JUnitReportReporter -->
<testsuite hostname="DESKTOP-MLA9J53" failures="0" tests="1" name="com.systemone.functional.WebPortalAutomation" time="0.546" errors="0" timestamp="2023-12-31T01:01:46 IST" skipped="0">
  <testcase classname="com.systemone.functional.WebPortalAutomation" name="registerAccount" time="0.546"/>
</testsuite> <!-- com.systemone.functional.WebPortalAutomation -->
