<?xml version="1.0" encoding="UTF-8"?>
<!-- Generated by org.testng.reporters.JUnitReportReporter -->
<testsuite hostname="DESKTOP-MLA9J53" failures="0" tests="5" name="com.systemone.API.EndpointTesting.APIPortalTests" time="9.261" errors="0" timestamp="2023-12-31T19:25:38 IST" skipped="0">
  <testcase classname="com.systemone.API.EndpointTesting.APIPortalTests" name="deleteBooking" time="1.748"/>
  <testcase classname="com.systemone.API.EndpointTesting.APIPortalTests" name="getBookingIds" time="1.683"/>
  <testcase classname="com.systemone.API.EndpointTesting.APIPortalTests" name="getBooking" time="1.549"/>
  <testcase classname="com.systemone.API.EndpointTesting.APIPortalTests" name="authenticate" time="2.903"/>
  <testcase classname="com.systemone.API.EndpointTesting.APIPortalTests" name="createBooking" time="1.378"/>
</testsuite> <!-- com.systemone.API.EndpointTesting.APIPortalTests -->
